http://www.softlang.org/ontologies/le#ATL
http://www.softlang.org/ontologies/le#BNF
http://www.softlang.org/ontologies/le#BackusNaurForm
http://www.softlang.org/ontologies/le#EBNF
http://www.softlang.org/ontologies/le#Ecore
http://www.softlang.org/ontologies/le#ExtendedBackusNaurForm
http://www.softlang.org/ontologies/le#JSONSchema
http://www.softlang.org/ontologies/le#MOF
http://www.softlang.org/ontologies/le#OCL
http://www.softlang.org/ontologies/le#OWL
http://www.softlang.org/ontologies/le#QVT
http://www.softlang.org/ontologies/le#RDFS
http://www.softlang.org/ontologies/le#RELAXNG
http://www.softlang.org/ontologies/le#SHACL
http://www.softlang.org/ontologies/le#SPARQL
http://www.softlang.org/ontologies/le#ShEx
http://www.softlang.org/ontologies/le#XMLSchema
http://www.softlang.org/ontologies/le#XPath
http://www.softlang.org/ontologies/le#XQuery
http://www.softlang.org/ontologies/le#XSLT
http://www.softlang.org/ontologies/pe#Ada
http://www.softlang.org/ontologies/pe#Assembly_Language
http://www.softlang.org/ontologies/pe#C
http://www.softlang.org/ontologies/pe#COBOL
http://www.softlang.org/ontologies/pe#C_Sharp
http://www.softlang.org/ontologies/pe#Cpp
http://www.softlang.org/ontologies/pe#Datalog
http://www.softlang.org/ontologies/pe#Delphi_Object_Pascal
http://www.softlang.org/ontologies/pe#F_Sharp
http://www.softlang.org/ontologies/pe#Fortran
http://www.softlang.org/ontologies/pe#Go
http://www.softlang.org/ontologies/pe#Haskell
http://www.softlang.org/ontologies/pe#Java
http://www.softlang.org/ontologies/pe#JavaScript
http://www.softlang.org/ontologies/pe#Koka
http://www.softlang.org/ontologies/pe#MATLAB
http://www.softlang.org/ontologies/pe#PHP
http://www.softlang.org/ontologies/pe#Pascal
http://www.softlang.org/ontologies/pe#Perl
http://www.softlang.org/ontologies/pe#Prolog
http://www.softlang.org/ontologies/pe#Python
http://www.softlang.org/ontologies/pe#R
http://www.softlang.org/ontologies/pe#Rust
http://www.softlang.org/ontologies/pe#Scheme
http://www.softlang.org/ontologies/pe#Scratch
http://www.softlang.org/ontologies/pe#Swift
http://www.softlang.org/ontologies/pe#Visual_Basic
